<?xml version="1.0" encoding="UTF-8"?>
<testng-results ignored="0" total="2" passed="2" failed="0" skipped="0">
  <reporter-output>
  </reporter-output>
  <suite started-at="2017-12-11T04:57:13Z" name="Suite" finished-at="2017-12-11T04:58:15Z" duration-ms="62527">
    <groups>
    </groups>
    <test started-at="2017-12-11T04:57:13Z" name="Test" finished-at="2017-12-11T04:58:15Z" duration-ms="62527">
      <class name="com.yahoomail.testcases.TC_001">
        <test-method is-config="true" signature="beforeMetod()[pri:0, instance:com.yahoomail.testcases.TC_001@37883b97]" started-at="2017-12-11T10:27:13Z" name="beforeMetod" finished-at="2017-12-11T10:27:26Z" duration-ms="12783" status="PASS">
          <reporter-output>
          </reporter-output>
        </test-method> <!-- beforeMetod -->
        <test-method signature="TC_001_loginUser()[pri:0, instance:com.yahoomail.testcases.TC_001@37883b97]" started-at="2017-12-11T10:27:26Z" name="TC_001_loginUser" finished-at="2017-12-11T10:27:41Z" duration-ms="15142" status="PASS">
          <reporter-output>
          </reporter-output>
        </test-method> <!-- TC_001_loginUser -->
        <test-method is-config="true" signature="AfterMetod()[pri:0, instance:com.yahoomail.testcases.TC_001@37883b97]" started-at="2017-12-11T10:27:41Z" name="AfterMetod" finished-at="2017-12-11T10:27:47Z" duration-ms="5848" status="PASS">
          <reporter-output>
          </reporter-output>
        </test-method> <!-- AfterMetod -->
        <test-method is-config="true" signature="beforeMetod()[pri:0, instance:com.yahoomail.testcases.TC_001@37883b97]" started-at="2017-12-11T10:27:47Z" name="beforeMetod" finished-at="2017-12-11T10:27:56Z" duration-ms="9871" status="PASS">
          <reporter-output>
          </reporter-output>
        </test-method> <!-- beforeMetod -->
        <test-method signature="TC_002_ComposeAndSend()[pri:0, instance:com.yahoomail.testcases.TC_001@37883b97]" started-at="2017-12-11T10:27:56Z" name="TC_002_ComposeAndSend" finished-at="2017-12-11T10:28:10Z" duration-ms="14001" status="PASS">
          <reporter-output>
          </reporter-output>
        </test-method> <!-- TC_002_ComposeAndSend -->
        <test-method is-config="true" signature="AfterMetod()[pri:0, instance:com.yahoomail.testcases.TC_001@37883b97]" started-at="2017-12-11T10:28:10Z" name="AfterMetod" finished-at="2017-12-11T10:28:15Z" duration-ms="4859" status="PASS">
          <reporter-output>
          </reporter-output>
        </test-method> <!-- AfterMetod -->
      </class> <!-- com.yahoomail.testcases.TC_001 -->
    </test> <!-- Test -->
  </suite> <!-- Suite -->
</testng-results>
