<?xml version="1.0" encoding="UTF-8"?>
<testng-results ignored="0" total="1" passed="1" failed="0" skipped="0">
  <reporter-output>
  </reporter-output>
  <suite started-at="2017-12-15T07:58:49Z" name="Default suite" finished-at="2017-12-15T07:59:24Z" duration-ms="34564">
    <groups>
    </groups>
    <test started-at="2017-12-15T07:58:49Z" name="Default test" finished-at="2017-12-15T07:59:24Z" duration-ms="34564">
      <class name="com.yahoomail.testcases.TC_001">
        <test-method is-config="true" signature="beforeMetod()[pri:0, instance:com.yahoomail.testcases.TC_001@7b02881e]" started-at="2017-12-15T13:28:49Z" name="beforeMetod" finished-at="2017-12-15T13:29:00Z" duration-ms="11158" status="PASS">
          <reporter-output>
          </reporter-output>
        </test-method> <!-- beforeMetod -->
        <test-method signature="TC_003_assrt()[pri:0, instance:com.yahoomail.testcases.TC_001@7b02881e]" started-at="2017-12-15T13:29:00Z" name="TC_003_assrt" finished-at="2017-12-15T13:29:19Z" duration-ms="18285" status="PASS">
          <reporter-output>
          </reporter-output>
        </test-method> <!-- TC_003_assrt -->
        <test-method is-config="true" signature="AfterMetod()[pri:0, instance:com.yahoomail.testcases.TC_001@7b02881e]" started-at="2017-12-15T13:29:19Z" name="AfterMetod" finished-at="2017-12-15T13:29:24Z" duration-ms="5102" status="PASS">
          <reporter-output>
          </reporter-output>
        </test-method> <!-- AfterMetod -->
      </class> <!-- com.yahoomail.testcases.TC_001 -->
    </test> <!-- Default test -->
  </suite> <!-- Default suite -->
</testng-results>
