<?xml version="1.0" encoding="UTF-8"?>
<!-- Generated by org.testng.reporters.JUnitXMLReporter -->
<testsuite ignored="2" hostname="CI086" failures="0" tests="0" time="0.015" errors="0" timestamp="12 Dec 2017 05:37:39 GMT">
  <testcase classname="com.yahoomail.testcases.TC_001" name="TC_001_loginUser" time="0.0">
    <ignored/>
  </testcase> <!-- TC_001_loginUser -->
  <testcase classname="com.yahoomail.testcases.TC_001" name="TC_002_ComposeAndSend" time="0.0">
    <ignored/>
  </testcase> <!-- TC_002_ComposeAndSend -->
</testsuite>
